<?xml version="1.0" encoding="UTF-8"?>
<!-- Generated by org.testng.reporters.JUnitXMLReporter -->
<testsuite hostname="DESKTOP-F1RSCMN" ignored="0" name="Regression" tests="8" failures="0" timestamp="28 Jan 2017 22:37:47 GMT" time="30.705" errors="0">
  <testcase name="CanNavigateToSite" time="4.776" classname="com.tribe.tat.NavigationTest"/>
  <testcase name="CanNavigateToSite" time="3.719" classname="com.tribe.tat.NavigationTest"/>
  <testcase name="CanNavigateToSiteFour" time="3.728" classname="com.tribe.tat.NavigationTest"/>
  <testcase name="CanNavigateToSiteFour" time="3.649" classname="com.tribe.tat.NavigationTest"/>
  <testcase name="CanNavigateToSiteThree" time="3.711" classname="com.tribe.tat.NavigationTest"/>
  <testcase name="CanNavigateToSiteThree" time="3.717" classname="com.tribe.tat.NavigationTest"/>
  <testcase name="CanNavigateToSiteTwo" time="3.673" classname="com.tribe.tat.NavigationTest"/>
  <testcase name="CanNavigateToSiteTwo" time="3.707" classname="com.tribe.tat.NavigationTest"/>
</testsuite> <!-- Regression -->
