<?xml version="1.0" encoding="UTF-8"?>
<!-- Generated by org.testng.reporters.JUnitXMLReporter -->
<testsuite hostname="DESKTOP-F1RSCMN" ignored="0" name="Smoke" tests="4" failures="0" timestamp="28 Jan 2017 22:38:01 GMT" time="14.643" errors="0">
  <testcase name="CanNavigateToSite" time="3.65" classname="com.tribe.tat.NavigationTestTwo"/>
  <testcase name="CanNavigateToSiteFour" time="3.704" classname="com.tribe.tat.NavigationTestTwo"/>
  <testcase name="CanNavigateToSiteThree" time="3.651" classname="com.tribe.tat.NavigationTestTwo"/>
  <testcase name="CanNavigateToSiteTwo" time="3.637" classname="com.tribe.tat.NavigationTestTwo"/>
</testsuite> <!-- Smoke -->
