<?xml version="1.0" encoding="UTF-8"?>
<!-- Generated by org.testng.reporters.JUnitXMLReporter -->
<testsuite hostname="DESKTOP-F1RSCMN" ignored="0" name="Smoke" tests="4" failures="0" timestamp="02 Jan 2017 23:33:14 GMT" time="16.0" errors="0">
  <testcase name="CanNavigateToSite" time="3.925" classname="com.tribe.tat.NavigationTestTwo"/>
  <testcase name="CanNavigateToSiteFour" time="4.129" classname="com.tribe.tat.NavigationTestTwo"/>
  <testcase name="CanNavigateToSiteThree" time="3.831" classname="com.tribe.tat.NavigationTestTwo"/>
  <testcase name="CanNavigateToSiteTwo" time="4.113" classname="com.tribe.tat.NavigationTestTwo"/>
</testsuite> <!-- Smoke -->
